127.0.0.1 ACTIVATION.CLOUD.TECHSMITH.COM Key:'1a84f5c9-a36f-4c59-baf7-5fa608b1fe32'- FASI Client Side
 Code:2021.06.03.04.38.38.649
 Entry: UnexpectedError: Message='Uncaught ReferenceError: serrorFunction is not defined, Url='http://localhost:51779/fasi/app/js/master.js?rel=1526481090699', Line='31', Column='21'
 Session Id:ptklsf3x0uh0qzbhsulicq0x
Method: Void ErrorLog(System.String, System.String) at 671,13
 Class: InMotionGIT.Common.Helpers.LogHandler
  File: C:\DLI\04-Programación\FASI Shared Components\InMotionGIT.Common\Helpers\LogHandler.vb
 Stack:
   en InMotionGIT.Common.Helpers.LogHandler.ErrorLog(String source, String entry, Exception currentException, String prefix, Boolean Async, String Code) en C:\DLI\04-Programación\FASI Shared Components\InMotionGIT.Common\Helpers\LogHandler.vb:línea 770
   en InMotionGIT.Common.Helpers.LogHandler.ErrorLog(String source, String entry, Exception currentException, String prefix) en C:\DLI\04-Programación\FASI Shared Components\InMotionGIT.Common\Helpers\LogHandler.vb:línea 679
   en InMotionGIT.Common.Helpers.LogHandler.ErrorLog(String source, String entry) en C:\DLI\04-Programación\FASI Shared Components\InMotionGIT.Common\Helpers\LogHandler.vb:línea 671
   en fasi_wmethods_General.Error(String Message, String Url, String Line, String Column) en e:\Sources\visualtime7\WebApplication\fasi\wmethods\general.aspx.cs:línea 47
   en System.RuntimeMethodHandle.InvokeMethod(Object target, Object[] arguments, Signature sig, Boolean constructor)
   en System.Reflection.RuntimeMethodInfo.UnsafeInvokeInternal(Object obj, Object[] parameters, Object[] arguments)
   en System.Reflection.RuntimeMethodInfo.Invoke(Object obj, BindingFlags invokeAttr, Binder binder, Object[] parameters, CultureInfo culture)
   en System.Web.Script.Services.WebServiceMethodData.CallMethod(Object target, IDictionary`2 parameters)
   en System.Web.Script.Services.RestHandler.InvokeMethod(HttpContext context, WebServiceMethodData methodData, IDictionary`2 rawParams)
   en System.Web.Script.Services.RestHandler.ExecuteWebServiceCall(HttpContext context, WebServiceMethodData methodData)
   en System.Web.Handlers.ScriptModule.OnPostAcquireRequestState(Object sender, EventArgs eventArgs)
   en System.Web.HttpApplication.SyncEventExecutionStep.System.Web.HttpApplication.IExecutionStep.Execute()
   en System.Web.HttpApplication.ExecuteStepImpl(IExecutionStep step)
   en System.Web.HttpApplication.ExecuteStep(IExecutionStep step, Boolean& completedSynchronously)
   en System.Web.HttpApplication.PipelineStepManager.ResumeSteps(Exception error)
   en System.Web.HttpApplication.BeginProcessRequestNotification(HttpContext context, AsyncCallback cb)
   en System.Web.HttpRuntime.ProcessRequestNotificationPrivate(IIS7WorkerRequest wr, HttpContext context)
   en System.Web.Hosting.PipelineRuntime.ProcessRequestNotificationHelper(IntPtr rootedObjectsPointer, IntPtr nativeRequestContext, IntPtr moduleData, Int32 flags)
   en System.Web.Hosting.PipelineRuntime.ProcessRequestNotification(IntPtr rootedObjectsPointer, IntPtr nativeRequestContext, IntPtr moduleData, Int32 flags)
   en System.Web.Hosting.UnsafeIISMethods.MgdIndicateCompletion(IntPtr pHandler, RequestNotificationStatus& notificationStatus)
   en System.Web.Hosting.UnsafeIISMethods.MgdIndicateCompletion(IntPtr pHandler, RequestNotificationStatus& notificationStatus)
   en System.Web.Hosting.PipelineRuntime.ProcessRequestNotificationHelper(IntPtr rootedObjectsPointer, IntPtr nativeRequestContext, IntPtr moduleData, Int32 flags)
   en System.Web.Hosting.PipelineRuntime.ProcessRequestNotification(IntPtr rootedObjectsPointer, IntPtr nativeRequestContext, IntPtr moduleData, Int32 flags)

127.0.0.1 ACTIVATION.CLOUD.TECHSMITH.COM Key:'1ce25b48-aee1-4c5a-bfc9-a13e5cf7a0a0'- FASI Client Side
 Code:2021.06.03.04.38.38.903
 Entry: UnexpectedError: Message='Uncaught ReferenceError: serrorFunction is not defined, Url='http://localhost:51779/fasi/app/js/master.js?rel=1526481090699', Line='220', Column='21'
 Session Id:ptklsf3x0uh0qzbhsulicq0x
Method: Void ErrorLog(System.String, System.String) at 671,13
 Class: InMotionGIT.Common.Helpers.LogHandler
  File: C:\DLI\04-Programación\FASI Shared Components\InMotionGIT.Common\Helpers\LogHandler.vb
 Stack:
   en InMotionGIT.Common.Helpers.LogHandler.ErrorLog(String source, String entry, Exception currentException, String prefix, Boolean Async, String Code) en C:\DLI\04-Programación\FASI Shared Components\InMotionGIT.Common\Helpers\LogHandler.vb:línea 770
   en InMotionGIT.Common.Helpers.LogHandler.ErrorLog(String source, String entry, Exception currentException, String prefix) en C:\DLI\04-Programación\FASI Shared Components\InMotionGIT.Common\Helpers\LogHandler.vb:línea 679
   en InMotionGIT.Common.Helpers.LogHandler.ErrorLog(String source, String entry) en C:\DLI\04-Programación\FASI Shared Components\InMotionGIT.Common\Helpers\LogHandler.vb:línea 671
   en fasi_wmethods_General.Error(String Message, String Url, String Line, String Column) en e:\Sources\visualtime7\WebApplication\fasi\wmethods\general.aspx.cs:línea 47
   en System.RuntimeMethodHandle.InvokeMethod(Object target, Object[] arguments, Signature sig, Boolean constructor)
   en System.Reflection.RuntimeMethodInfo.UnsafeInvokeInternal(Object obj, Object[] parameters, Object[] arguments)
   en System.Reflection.RuntimeMethodInfo.Invoke(Object obj, BindingFlags invokeAttr, Binder binder, Object[] parameters, CultureInfo culture)
   en System.Web.Script.Services.WebServiceMethodData.CallMethod(Object target, IDictionary`2 parameters)
   en System.Web.Script.Services.RestHandler.InvokeMethod(HttpContext context, WebServiceMethodData methodData, IDictionary`2 rawParams)
   en System.Web.Script.Services.RestHandler.ExecuteWebServiceCall(HttpContext context, WebServiceMethodData methodData)
   en System.Web.Handlers.ScriptModule.OnPostAcquireRequestState(Object sender, EventArgs eventArgs)
   en System.Web.HttpApplication.SyncEventExecutionStep.System.Web.HttpApplication.IExecutionStep.Execute()
   en System.Web.HttpApplication.ExecuteStepImpl(IExecutionStep step)
   en System.Web.HttpApplication.ExecuteStep(IExecutionStep step, Boolean& completedSynchronously)
   en System.Web.HttpApplication.PipelineStepManager.ResumeSteps(Exception error)
   en System.Web.HttpApplication.BeginProcessRequestNotification(HttpContext context, AsyncCallback cb)
   en System.Web.HttpRuntime.ProcessRequestNotificationPrivate(IIS7WorkerRequest wr, HttpContext context)
   en System.Web.Hosting.PipelineRuntime.ProcessRequestNotificationHelper(IntPtr rootedObjectsPointer, IntPtr nativeRequestContext, IntPtr moduleData, Int32 flags)
   en System.Web.Hosting.PipelineRuntime.ProcessRequestNotification(IntPtr rootedObjectsPointer, IntPtr nativeRequestContext, IntPtr moduleData, Int32 flags)
   en System.Web.Hosting.UnsafeIISMethods.MgdIndicateCompletion(IntPtr pHandler, RequestNotificationStatus& notificationStatus)
   en System.Web.Hosting.UnsafeIISMethods.MgdIndicateCompletion(IntPtr pHandler, RequestNotificationStatus& notificationStatus)
   en System.Web.Hosting.PipelineRuntime.ProcessRequestNotificationHelper(IntPtr rootedObjectsPointer, IntPtr nativeRequestContext, IntPtr moduleData, Int32 flags)
   en System.Web.Hosting.PipelineRuntime.ProcessRequestNotification(IntPtr rootedObjectsPointer, IntPtr nativeRequestContext, IntPtr moduleData, Int32 flags)

127.0.0.1 ACTIVATION.CLOUD.TECHSMITH.COM Sessionid is empty
 Code:2021.06.03.04.44.21.570
 Session Id:without session id
Method: Void ErrorLog(System.String, System.String) at 671,13
 Class: InMotionGIT.Common.Helpers.LogHandler
  File: C:\DLI\04-Programación\FASI Shared Components\InMotionGIT.Common\Helpers\LogHandler.vb
 Stack:
   en InMotionGIT.Common.Helpers.LogHandler.ErrorLog(String source, String entry, Exception currentException, String prefix, Boolean Async, String Code) en C:\DLI\04-Programación\FASI Shared Components\InMotionGIT.Common\Helpers\LogHandler.vb:línea 770
   en InMotionGIT.Common.Helpers.LogHandler.ErrorLog(String source, String entry, Exception currentException, String prefix) en C:\DLI\04-Programación\FASI Shared Components\InMotionGIT.Common\Helpers\LogHandler.vb:línea 679
   en InMotionGIT.Common.Helpers.LogHandler.ErrorLog(String source, String entry) en C:\DLI\04-Programación\FASI Shared Components\InMotionGIT.Common\Helpers\LogHandler.vb:línea 671
   en InMotionGIT.FASI.Utils.Track.UserActivity.Tracking(HttpContext context, String sessionId, String ip, String username, String email) en C:\VisualTimeNet\Components\Frontoffice\InMotionGIT.FASI.Utils\Track\UserActivity.cs:línea 72
   en InMotionGIT.FASI.Utils.Track.UserActivity.Tracking(HttpContext context, String sessionId) en C:\VisualTimeNet\Components\Frontoffice\InMotionGIT.FASI.Utils\Track\UserActivity.cs:línea 24
   en ASP.global_asax.Application_AuthenticateRequest(Object sender, EventArgs e) en e:\Sources\visualtime7\WebApplication\Global.asax:línea 89
   en System.Web.HttpApplication.SyncEventExecutionStep.System.Web.HttpApplication.IExecutionStep.Execute()
   en System.Web.HttpApplication.ExecuteStepImpl(IExecutionStep step)
   en System.Web.HttpApplication.ExecuteStep(IExecutionStep step, Boolean& completedSynchronously)
   en System.Web.HttpApplication.PipelineStepManager.ResumeSteps(Exception error)
   en System.Web.HttpApplication.BeginProcessRequestNotification(HttpContext context, AsyncCallback cb)
   en System.Web.HttpRuntime.ProcessRequestNotificationPrivate(IIS7WorkerRequest wr, HttpContext context)
   en System.Web.Hosting.PipelineRuntime.ProcessRequestNotificationHelper(IntPtr rootedObjectsPointer, IntPtr nativeRequestContext, IntPtr moduleData, Int32 flags)
   en System.Web.Hosting.PipelineRuntime.ProcessRequestNotification(IntPtr rootedObjectsPointer, IntPtr nativeRequestContext, IntPtr moduleData, Int32 flags)
   en System.Web.Hosting.UnsafeIISMethods.MgdIndicateCompletion(IntPtr pHandler, RequestNotificationStatus& notificationStatus)
   en System.Web.Hosting.UnsafeIISMethods.MgdIndicateCompletion(IntPtr pHandler, RequestNotificationStatus& notificationStatus)
   en System.Web.Hosting.PipelineRuntime.ProcessRequestNotificationHelper(IntPtr rootedObjectsPointer, IntPtr nativeRequestContext, IntPtr moduleData, Int32 flags)
   en System.Web.Hosting.PipelineRuntime.ProcessRequestNotification(IntPtr rootedObjectsPointer, IntPtr nativeRequestContext, IntPtr moduleData, Int32 flags)

127.0.0.1 ACTIVATION.CLOUD.TECHSMITH.COM Sessionid is empty
 Code:2021.06.03.04.47.22.974
 Session Id:without session id
Method: Void ErrorLog(System.String, System.String) at 671,13
 Class: InMotionGIT.Common.Helpers.LogHandler
  File: C:\DLI\04-Programación\FASI Shared Components\InMotionGIT.Common\Helpers\LogHandler.vb
 Stack:
   en InMotionGIT.Common.Helpers.LogHandler.ErrorLog(String source, String entry, Exception currentException, String prefix, Boolean Async, String Code) en C:\DLI\04-Programación\FASI Shared Components\InMotionGIT.Common\Helpers\LogHandler.vb:línea 770
   en InMotionGIT.Common.Helpers.LogHandler.ErrorLog(String source, String entry, Exception currentException, String prefix) en C:\DLI\04-Programación\FASI Shared Components\InMotionGIT.Common\Helpers\LogHandler.vb:línea 679
   en InMotionGIT.Common.Helpers.LogHandler.ErrorLog(String source, String entry) en C:\DLI\04-Programación\FASI Shared Components\InMotionGIT.Common\Helpers\LogHandler.vb:línea 671
   en InMotionGIT.FASI.Utils.Track.UserActivity.Tracking(HttpContext context, String sessionId, String ip, String username, String email) en C:\VisualTimeNet\Components\Frontoffice\InMotionGIT.FASI.Utils\Track\UserActivity.cs:línea 72
   en InMotionGIT.FASI.Utils.Track.UserActivity.Tracking(HttpContext context, String sessionId) en C:\VisualTimeNet\Components\Frontoffice\InMotionGIT.FASI.Utils\Track\UserActivity.cs:línea 24
   en ASP.global_asax.Application_AuthenticateRequest(Object sender, EventArgs e) en e:\Sources\visualtime7\WebApplication\Global.asax:línea 89
   en System.Web.HttpApplication.SyncEventExecutionStep.System.Web.HttpApplication.IExecutionStep.Execute()
   en System.Web.HttpApplication.ExecuteStepImpl(IExecutionStep step)
   en System.Web.HttpApplication.ExecuteStep(IExecutionStep step, Boolean& completedSynchronously)
   en System.Web.HttpApplication.PipelineStepManager.ResumeSteps(Exception error)
   en System.Web.HttpApplication.BeginProcessRequestNotification(HttpContext context, AsyncCallback cb)
   en System.Web.HttpRuntime.ProcessRequestNotificationPrivate(IIS7WorkerRequest wr, HttpContext context)
   en System.Web.Hosting.PipelineRuntime.ProcessRequestNotificationHelper(IntPtr rootedObjectsPointer, IntPtr nativeRequestContext, IntPtr moduleData, Int32 flags)
   en System.Web.Hosting.PipelineRuntime.ProcessRequestNotification(IntPtr rootedObjectsPointer, IntPtr nativeRequestContext, IntPtr moduleData, Int32 flags)
   en System.Web.Hosting.UnsafeIISMethods.MgdIndicateCompletion(IntPtr pHandler, RequestNotificationStatus& notificationStatus)
   en System.Web.Hosting.UnsafeIISMethods.MgdIndicateCompletion(IntPtr pHandler, RequestNotificationStatus& notificationStatus)
   en System.Web.Hosting.PipelineRuntime.ProcessRequestNotificationHelper(IntPtr rootedObjectsPointer, IntPtr nativeRequestContext, IntPtr moduleData, Int32 flags)
   en System.Web.Hosting.PipelineRuntime.ProcessRequestNotification(IntPtr rootedObjectsPointer, IntPtr nativeRequestContext, IntPtr moduleData, Int32 flags)

127.0.0.1 ACTIVATION.CLOUD.TECHSMITH.COM Sessionid is empty
 Code:2021.06.03.04.51.07.751
 Session Id:without session id
Method: Void ErrorLog(System.String, System.String) at 671,13
 Class: InMotionGIT.Common.Helpers.LogHandler
  File: C:\DLI\04-Programación\FASI Shared Components\InMotionGIT.Common\Helpers\LogHandler.vb
 Stack:
   en InMotionGIT.Common.Helpers.LogHandler.ErrorLog(String source, String entry, Exception currentException, String prefix, Boolean Async, String Code) en C:\DLI\04-Programación\FASI Shared Components\InMotionGIT.Common\Helpers\LogHandler.vb:línea 770
   en InMotionGIT.Common.Helpers.LogHandler.ErrorLog(String source, String entry, Exception currentException, String prefix) en C:\DLI\04-Programación\FASI Shared Components\InMotionGIT.Common\Helpers\LogHandler.vb:línea 679
   en InMotionGIT.Common.Helpers.LogHandler.ErrorLog(String source, String entry) en C:\DLI\04-Programación\FASI Shared Components\InMotionGIT.Common\Helpers\LogHandler.vb:línea 671
   en InMotionGIT.FASI.Utils.Track.UserActivity.Tracking(HttpContext context, String sessionId, String ip, String username, String email) en C:\VisualTimeNet\Components\Frontoffice\InMotionGIT.FASI.Utils\Track\UserActivity.cs:línea 72
   en InMotionGIT.FASI.Utils.Track.UserActivity.Tracking(HttpContext context, String sessionId) en C:\VisualTimeNet\Components\Frontoffice\InMotionGIT.FASI.Utils\Track\UserActivity.cs:línea 24
   en ASP.global_asax.Application_AuthenticateRequest(Object sender, EventArgs e) en e:\Sources\visualtime7\WebApplication\Global.asax:línea 89
   en System.Web.HttpApplication.SyncEventExecutionStep.System.Web.HttpApplication.IExecutionStep.Execute()
   en System.Web.HttpApplication.ExecuteStepImpl(IExecutionStep step)
   en System.Web.HttpApplication.ExecuteStep(IExecutionStep step, Boolean& completedSynchronously)
   en System.Web.HttpApplication.PipelineStepManager.ResumeSteps(Exception error)
   en System.Web.HttpApplication.BeginProcessRequestNotification(HttpContext context, AsyncCallback cb)
   en System.Web.HttpRuntime.ProcessRequestNotificationPrivate(IIS7WorkerRequest wr, HttpContext context)
   en System.Web.Hosting.PipelineRuntime.ProcessRequestNotificationHelper(IntPtr rootedObjectsPointer, IntPtr nativeRequestContext, IntPtr moduleData, Int32 flags)
   en System.Web.Hosting.PipelineRuntime.ProcessRequestNotification(IntPtr rootedObjectsPointer, IntPtr nativeRequestContext, IntPtr moduleData, Int32 flags)
   en System.Web.Hosting.UnsafeIISMethods.MgdIndicateCompletion(IntPtr pHandler, RequestNotificationStatus& notificationStatus)
   en System.Web.Hosting.UnsafeIISMethods.MgdIndicateCompletion(IntPtr pHandler, RequestNotificationStatus& notificationStatus)
   en System.Web.Hosting.PipelineRuntime.ProcessRequestNotificationHelper(IntPtr rootedObjectsPointer, IntPtr nativeRequestContext, IntPtr moduleData, Int32 flags)
   en System.Web.Hosting.PipelineRuntime.ProcessRequestNotification(IntPtr rootedObjectsPointer, IntPtr nativeRequestContext, IntPtr moduleData, Int32 flags)

127.0.0.1 ACTIVATION.CLOUD.TECHSMITH.COM Sessionid is empty
 Code:2021.06.03.04.51.59.091
 Entry: rpv0yuc5gg0koc2dipwnpni0
 Session Id:without session id
Method: Void ErrorLog(System.String, System.String) at 671,13
 Class: InMotionGIT.Common.Helpers.LogHandler
  File: C:\DLI\04-Programación\FASI Shared Components\InMotionGIT.Common\Helpers\LogHandler.vb
 Stack:
   en InMotionGIT.Common.Helpers.LogHandler.ErrorLog(String source, String entry, Exception currentException, String prefix, Boolean Async, String Code) en C:\DLI\04-Programación\FASI Shared Components\InMotionGIT.Common\Helpers\LogHandler.vb:línea 770
   en InMotionGIT.Common.Helpers.LogHandler.ErrorLog(String source, String entry, Exception currentException, String prefix) en C:\DLI\04-Programación\FASI Shared Components\InMotionGIT.Common\Helpers\LogHandler.vb:línea 679
   en InMotionGIT.Common.Helpers.LogHandler.ErrorLog(String source, String entry) en C:\DLI\04-Programación\FASI Shared Components\InMotionGIT.Common\Helpers\LogHandler.vb:línea 671
   en InMotionGIT.FASI.Utils.Track.UserActivity.Tracking(HttpContext context, String sessionId, String ip, String username, String email) en C:\VisualTimeNet\Components\Frontoffice\InMotionGIT.FASI.Utils\Track\UserActivity.cs:línea 72
   en InMotionGIT.FASI.Utils.Track.UserActivity.Tracking(HttpContext context, String sessionId) en C:\VisualTimeNet\Components\Frontoffice\InMotionGIT.FASI.Utils\Track\UserActivity.cs:línea 24
   en ASP.global_asax.Application_AuthenticateRequest(Object sender, EventArgs e) en e:\Sources\visualtime7\WebApplication\Global.asax:línea 89
   en System.Web.HttpApplication.SyncEventExecutionStep.System.Web.HttpApplication.IExecutionStep.Execute()
   en System.Web.HttpApplication.ExecuteStepImpl(IExecutionStep step)
   en System.Web.HttpApplication.ExecuteStep(IExecutionStep step, Boolean& completedSynchronously)
   en System.Web.HttpApplication.PipelineStepManager.ResumeSteps(Exception error)
   en System.Web.HttpApplication.BeginProcessRequestNotification(HttpContext context, AsyncCallback cb)
   en System.Web.HttpRuntime.ProcessRequestNotificationPrivate(IIS7WorkerRequest wr, HttpContext context)
   en System.Web.Hosting.PipelineRuntime.ProcessRequestNotificationHelper(IntPtr rootedObjectsPointer, IntPtr nativeRequestContext, IntPtr moduleData, Int32 flags)
   en System.Web.Hosting.PipelineRuntime.ProcessRequestNotification(IntPtr rootedObjectsPointer, IntPtr nativeRequestContext, IntPtr moduleData, Int32 flags)
   en System.Web.Hosting.UnsafeIISMethods.MgdIndicateCompletion(IntPtr pHandler, RequestNotificationStatus& notificationStatus)
   en System.Web.Hosting.UnsafeIISMethods.MgdIndicateCompletion(IntPtr pHandler, RequestNotificationStatus& notificationStatus)
   en System.Web.Hosting.PipelineRuntime.ProcessRequestNotificationHelper(IntPtr rootedObjectsPointer, IntPtr nativeRequestContext, IntPtr moduleData, Int32 flags)
   en System.Web.Hosting.PipelineRuntime.ProcessRequestNotification(IntPtr rootedObjectsPointer, IntPtr nativeRequestContext, IntPtr moduleData, Int32 flags)

127.0.0.1 ACTIVATION.CLOUD.TECHSMITH.COM Sessionid is empty
 Code:2021.06.03.04.52.10.341
 Entry: rpv0yuc5gg0koc2dipwnpni0
 Session Id:without session id
Method: Void ErrorLog(System.String, System.String) at 671,13
 Class: InMotionGIT.Common.Helpers.LogHandler
  File: C:\DLI\04-Programación\FASI Shared Components\InMotionGIT.Common\Helpers\LogHandler.vb
 Stack:
   en InMotionGIT.Common.Helpers.LogHandler.ErrorLog(String source, String entry, Exception currentException, String prefix, Boolean Async, String Code) en C:\DLI\04-Programación\FASI Shared Components\InMotionGIT.Common\Helpers\LogHandler.vb:línea 770
   en InMotionGIT.Common.Helpers.LogHandler.ErrorLog(String source, String entry, Exception currentException, String prefix) en C:\DLI\04-Programación\FASI Shared Components\InMotionGIT.Common\Helpers\LogHandler.vb:línea 679
   en InMotionGIT.Common.Helpers.LogHandler.ErrorLog(String source, String entry) en C:\DLI\04-Programación\FASI Shared Components\InMotionGIT.Common\Helpers\LogHandler.vb:línea 671
   en InMotionGIT.FASI.Utils.Track.UserActivity.Tracking(HttpContext context, String sessionId, String ip, String username, String email) en C:\VisualTimeNet\Components\Frontoffice\InMotionGIT.FASI.Utils\Track\UserActivity.cs:línea 72
   en InMotionGIT.FASI.Utils.Track.UserActivity.Tracking(HttpContext context, String sessionId) en C:\VisualTimeNet\Components\Frontoffice\InMotionGIT.FASI.Utils\Track\UserActivity.cs:línea 24
   en ASP.global_asax.Application_AuthenticateRequest(Object sender, EventArgs e) en e:\Sources\visualtime7\WebApplication\Global.asax:línea 89
   en System.Web.HttpApplication.SyncEventExecutionStep.System.Web.HttpApplication.IExecutionStep.Execute()
   en System.Web.HttpApplication.ExecuteStepImpl(IExecutionStep step)
   en System.Web.HttpApplication.ExecuteStep(IExecutionStep step, Boolean& completedSynchronously)
   en System.Web.HttpApplication.PipelineStepManager.ResumeSteps(Exception error)
   en System.Web.HttpApplication.BeginProcessRequestNotification(HttpContext context, AsyncCallback cb)
   en System.Web.HttpRuntime.ProcessRequestNotificationPrivate(IIS7WorkerRequest wr, HttpContext context)
   en System.Web.Hosting.PipelineRuntime.ProcessRequestNotificationHelper(IntPtr rootedObjectsPointer, IntPtr nativeRequestContext, IntPtr moduleData, Int32 flags)
   en System.Web.Hosting.PipelineRuntime.ProcessRequestNotification(IntPtr rootedObjectsPointer, IntPtr nativeRequestContext, IntPtr moduleData, Int32 flags)
   en System.Web.Hosting.UnsafeIISMethods.MgdIndicateCompletion(IntPtr pHandler, RequestNotificationStatus& notificationStatus)
   en System.Web.Hosting.UnsafeIISMethods.MgdIndicateCompletion(IntPtr pHandler, RequestNotificationStatus& notificationStatus)
   en System.Web.Hosting.PipelineRuntime.ProcessRequestNotificationHelper(IntPtr rootedObjectsPointer, IntPtr nativeRequestContext, IntPtr moduleData, Int32 flags)
   en System.Web.Hosting.PipelineRuntime.ProcessRequestNotification(IntPtr rootedObjectsPointer, IntPtr nativeRequestContext, IntPtr moduleData, Int32 flags)

127.0.0.1 ACTIVATION.CLOUD.TECHSMITH.COM Global.asax
    (FileNotFoundException) No se pudo encontrar el archivo 'E:\Sources\visualtime7\WebApplication\Bin\JavaScriptResource.resx'.
   (HttpUnhandledException) Se produjo una excepción de tipo 'System.Web.HttpUnhandledException'.
   (HttpUnhandledException) Details:
   Key: ASPIMPERSONATING      Value: 
 Code:2021.06.03.05.01.12.841
 Entry: Application Error
 Session Id:lyvhxresp2ns42g4xgubnhle
Method: System.Exception ExecuteStep(IExecutionStep, Boolean ByRef) at 0,0
 Class: System.Web.HttpApplication
  File: 
 Stack:
   en System.Web.UI.Page.HandleError(Exception e)
   en System.Web.UI.Page.ProcessRequestMain(Boolean includeStagesBeforeAsyncPoint, Boolean includeStagesAfterAsyncPoint)
   en System.Web.UI.Page.ProcessRequest(Boolean includeStagesBeforeAsyncPoint, Boolean includeStagesAfterAsyncPoint)
   en System.Web.UI.Page.ProcessRequest()
   en System.Web.UI.Page.ProcessRequest(HttpContext context)
   en ASP.vtimenet_common_spewoheader_aspx.ProcessRequest(HttpContext context)
   en System.Web.HttpApplication.CallHandlerExecutionStep.System.Web.HttpApplication.IExecutionStep.Execute()
   en System.Web.HttpApplication.ExecuteStepImpl(IExecutionStep step)
   en System.Web.HttpApplication.ExecuteStep(IExecutionStep step, Boolean& completedSynchronously)

127.0.0.1 ACTIVATION.CLOUD.TECHSMITH.COM Sessionid is empty
 Code:2021.06.03.05.18.29.394
 Entry: 4mwmhlby0fwn3mn1nj0tbgoz
 Session Id:without session id
Method: Void ErrorLog(System.String, System.String) at 671,13
 Class: InMotionGIT.Common.Helpers.LogHandler
  File: C:\DLI\04-Programación\FASI Shared Components\InMotionGIT.Common\Helpers\LogHandler.vb
 Stack:
   en InMotionGIT.Common.Helpers.LogHandler.ErrorLog(String source, String entry, Exception currentException, String prefix, Boolean Async, String Code) en C:\DLI\04-Programación\FASI Shared Components\InMotionGIT.Common\Helpers\LogHandler.vb:línea 770
   en InMotionGIT.Common.Helpers.LogHandler.ErrorLog(String source, String entry, Exception currentException, String prefix) en C:\DLI\04-Programación\FASI Shared Components\InMotionGIT.Common\Helpers\LogHandler.vb:línea 679
   en InMotionGIT.Common.Helpers.LogHandler.ErrorLog(String source, String entry) en C:\DLI\04-Programación\FASI Shared Components\InMotionGIT.Common\Helpers\LogHandler.vb:línea 671
   en InMotionGIT.FASI.Utils.Track.UserActivity.Tracking(HttpContext context, String sessionId, String ip, String username, String email) en C:\VisualTimeNet\Components\Frontoffice\InMotionGIT.FASI.Utils\Track\UserActivity.cs:línea 72
   en InMotionGIT.FASI.Utils.Track.UserActivity.Tracking(HttpContext context, String sessionId) en C:\VisualTimeNet\Components\Frontoffice\InMotionGIT.FASI.Utils\Track\UserActivity.cs:línea 24
   en ASP.global_asax.Application_AuthenticateRequest(Object sender, EventArgs e) en e:\Sources\visualtime7\WebApplication\Global.asax:línea 89
   en System.Web.HttpApplication.SyncEventExecutionStep.System.Web.HttpApplication.IExecutionStep.Execute()
   en System.Web.HttpApplication.ExecuteStepImpl(IExecutionStep step)
   en System.Web.HttpApplication.ExecuteStep(IExecutionStep step, Boolean& completedSynchronously)
   en System.Web.HttpApplication.PipelineStepManager.ResumeSteps(Exception error)
   en System.Web.HttpApplication.BeginProcessRequestNotification(HttpContext context, AsyncCallback cb)
   en System.Web.HttpRuntime.ProcessRequestNotificationPrivate(IIS7WorkerRequest wr, HttpContext context)
   en System.Web.Hosting.PipelineRuntime.ProcessRequestNotificationHelper(IntPtr rootedObjectsPointer, IntPtr nativeRequestContext, IntPtr moduleData, Int32 flags)
   en System.Web.Hosting.PipelineRuntime.ProcessRequestNotification(IntPtr rootedObjectsPointer, IntPtr nativeRequestContext, IntPtr moduleData, Int32 flags)
   en System.Web.Hosting.UnsafeIISMethods.MgdIndicateCompletion(IntPtr pHandler, RequestNotificationStatus& notificationStatus)
   en System.Web.Hosting.UnsafeIISMethods.MgdIndicateCompletion(IntPtr pHandler, RequestNotificationStatus& notificationStatus)
   en System.Web.Hosting.PipelineRuntime.ProcessRequestNotificationHelper(IntPtr rootedObjectsPointer, IntPtr nativeRequestContext, IntPtr moduleData, Int32 flags)
   en System.Web.Hosting.PipelineRuntime.ProcessRequestNotification(IntPtr rootedObjectsPointer, IntPtr nativeRequestContext, IntPtr moduleData, Int32 flags)

127.0.0.1 ACTIVATION.CLOUD.TECHSMITH.COM Sessionid is empty
 Code:2021.06.03.05.18.29.462
 Entry: 4mwmhlby0fwn3mn1nj0tbgoz
 Session Id:without session id
Method: Void ErrorLog(System.String, System.String) at 671,13
 Class: InMotionGIT.Common.Helpers.LogHandler
  File: C:\DLI\04-Programación\FASI Shared Components\InMotionGIT.Common\Helpers\LogHandler.vb
 Stack:
   en InMotionGIT.Common.Helpers.LogHandler.ErrorLog(String source, String entry, Exception currentException, String prefix, Boolean Async, String Code) en C:\DLI\04-Programación\FASI Shared Components\InMotionGIT.Common\Helpers\LogHandler.vb:línea 770
   en InMotionGIT.Common.Helpers.LogHandler.ErrorLog(String source, String entry, Exception currentException, String prefix) en C:\DLI\04-Programación\FASI Shared Components\InMotionGIT.Common\Helpers\LogHandler.vb:línea 679
   en InMotionGIT.Common.Helpers.LogHandler.ErrorLog(String source, String entry) en C:\DLI\04-Programación\FASI Shared Components\InMotionGIT.Common\Helpers\LogHandler.vb:línea 671
   en InMotionGIT.FASI.Utils.Track.UserActivity.Tracking(HttpContext context, String sessionId, String ip, String username, String email) en C:\VisualTimeNet\Components\Frontoffice\InMotionGIT.FASI.Utils\Track\UserActivity.cs:línea 72
   en InMotionGIT.FASI.Utils.Track.UserActivity.Tracking(HttpContext context, String sessionId) en C:\VisualTimeNet\Components\Frontoffice\InMotionGIT.FASI.Utils\Track\UserActivity.cs:línea 24
   en ASP.global_asax.Application_AuthenticateRequest(Object sender, EventArgs e) en e:\Sources\visualtime7\WebApplication\Global.asax:línea 89
   en System.Web.HttpApplication.SyncEventExecutionStep.System.Web.HttpApplication.IExecutionStep.Execute()
   en System.Web.HttpApplication.ExecuteStepImpl(IExecutionStep step)
   en System.Web.HttpApplication.ExecuteStep(IExecutionStep step, Boolean& completedSynchronously)
   en System.Web.HttpApplication.PipelineStepManager.ResumeSteps(Exception error)
   en System.Web.HttpApplication.BeginProcessRequestNotification(HttpContext context, AsyncCallback cb)
   en System.Web.HttpRuntime.ProcessRequestNotificationPrivate(IIS7WorkerRequest wr, HttpContext context)
   en System.Web.Hosting.PipelineRuntime.ProcessRequestNotificationHelper(IntPtr rootedObjectsPointer, IntPtr nativeRequestContext, IntPtr moduleData, Int32 flags)
   en System.Web.Hosting.PipelineRuntime.ProcessRequestNotification(IntPtr rootedObjectsPointer, IntPtr nativeRequestContext, IntPtr moduleData, Int32 flags)
   en System.Web.Hosting.UnsafeIISMethods.MgdIndicateCompletion(IntPtr pHandler, RequestNotificationStatus& notificationStatus)
   en System.Web.Hosting.UnsafeIISMethods.MgdIndicateCompletion(IntPtr pHandler, RequestNotificationStatus& notificationStatus)
   en System.Web.Hosting.PipelineRuntime.ProcessRequestNotificationHelper(IntPtr rootedObjectsPointer, IntPtr nativeRequestContext, IntPtr moduleData, Int32 flags)
   en System.Web.Hosting.PipelineRuntime.ProcessRequestNotification(IntPtr rootedObjectsPointer, IntPtr nativeRequestContext, IntPtr moduleData, Int32 flags)

127.0.0.1 ACTIVATION.CLOUD.TECHSMITH.COM Sessionid is empty
 Code:2021.06.03.05.18.49.522
 Entry: 4mwmhlby0fwn3mn1nj0tbgoz
 Session Id:without session id
Method: Void ErrorLog(System.String, System.String) at 671,13
 Class: InMotionGIT.Common.Helpers.LogHandler
  File: C:\DLI\04-Programación\FASI Shared Components\InMotionGIT.Common\Helpers\LogHandler.vb
 Stack:
   en InMotionGIT.Common.Helpers.LogHandler.ErrorLog(String source, String entry, Exception currentException, String prefix, Boolean Async, String Code) en C:\DLI\04-Programación\FASI Shared Components\InMotionGIT.Common\Helpers\LogHandler.vb:línea 770
   en InMotionGIT.Common.Helpers.LogHandler.ErrorLog(String source, String entry, Exception currentException, String prefix) en C:\DLI\04-Programación\FASI Shared Components\InMotionGIT.Common\Helpers\LogHandler.vb:línea 679
   en InMotionGIT.Common.Helpers.LogHandler.ErrorLog(String source, String entry) en C:\DLI\04-Programación\FASI Shared Components\InMotionGIT.Common\Helpers\LogHandler.vb:línea 671
   en InMotionGIT.FASI.Utils.Track.UserActivity.Tracking(HttpContext context, String sessionId, String ip, String username, String email) en C:\VisualTimeNet\Components\Frontoffice\InMotionGIT.FASI.Utils\Track\UserActivity.cs:línea 72
   en InMotionGIT.FASI.Utils.Track.UserActivity.Tracking(HttpContext context, String sessionId) en C:\VisualTimeNet\Components\Frontoffice\InMotionGIT.FASI.Utils\Track\UserActivity.cs:línea 24
   en ASP.global_asax.Application_AuthenticateRequest(Object sender, EventArgs e) en e:\Sources\visualtime7\WebApplication\Global.asax:línea 89
   en System.Web.HttpApplication.SyncEventExecutionStep.System.Web.HttpApplication.IExecutionStep.Execute()
   en System.Web.HttpApplication.ExecuteStepImpl(IExecutionStep step)
   en System.Web.HttpApplication.ExecuteStep(IExecutionStep step, Boolean& completedSynchronously)
   en System.Web.HttpApplication.PipelineStepManager.ResumeSteps(Exception error)
   en System.Web.HttpApplication.BeginProcessRequestNotification(HttpContext context, AsyncCallback cb)
   en System.Web.HttpRuntime.ProcessRequestNotificationPrivate(IIS7WorkerRequest wr, HttpContext context)
   en System.Web.Hosting.PipelineRuntime.ProcessRequestNotificationHelper(IntPtr rootedObjectsPointer, IntPtr nativeRequestContext, IntPtr moduleData, Int32 flags)
   en System.Web.Hosting.PipelineRuntime.ProcessRequestNotification(IntPtr rootedObjectsPointer, IntPtr nativeRequestContext, IntPtr moduleData, Int32 flags)
   en System.Web.Hosting.UnsafeIISMethods.MgdIndicateCompletion(IntPtr pHandler, RequestNotificationStatus& notificationStatus)
   en System.Web.Hosting.UnsafeIISMethods.MgdIndicateCompletion(IntPtr pHandler, RequestNotificationStatus& notificationStatus)
   en System.Web.Hosting.PipelineRuntime.ProcessRequestNotificationHelper(IntPtr rootedObjectsPointer, IntPtr nativeRequestContext, IntPtr moduleData, Int32 flags)
   en System.Web.Hosting.PipelineRuntime.ProcessRequestNotification(IntPtr rootedObjectsPointer, IntPtr nativeRequestContext, IntPtr moduleData, Int32 flags)

127.0.0.1 ACTIVATION.CLOUD.TECHSMITH.COM Global.asax
    (Exception) No se encuentra el proveedor de datos .NET Framework solicitado. Puede que no esté instalado. 
  Date='03/06/2021' Time='17:18:55' Application='eRemoteDB' Version='7.0.0' Computer='MG-MVPRT11' 
  Method: Execute.Run 
  Number: 5 
  Source: System.Data 
  Description: No se encuentra el proveedor de datos .NET Framework solicitado. Puede que no esté instalado.
    StoredProcedure: SELECT sDescript,nWindowty,sCodisp,nInqLevel,nAmelevel,nModules FROM Windows WHERE sCodispl='CRL001'
  Call Stack:
    eRemoteDB.Execute.Run(IsReturnRecordSet:=True)
    eFunctions.()

   (HttpUnhandledException) Se produjo una excepción de tipo 'System.Web.HttpUnhandledException'.
   (HttpUnhandledException) Details:
   Key: ASPIMPERSONATING      Value: 
 Code:2021.06.03.05.20.54.004
 Entry: Application Error
 Session Id:4mwmhlby0fwn3mn1nj0tbgoz
Method: System.Exception ExecuteStep(IExecutionStep, Boolean ByRef) at 0,0
 Class: System.Web.HttpApplication
  File: 
 Stack:
   en System.Web.UI.Page.HandleError(Exception e)
   en System.Web.UI.Page.ProcessRequestMain(Boolean includeStagesBeforeAsyncPoint, Boolean includeStagesAfterAsyncPoint)
   en System.Web.UI.Page.ProcessRequest(Boolean includeStagesBeforeAsyncPoint, Boolean includeStagesAfterAsyncPoint)
   en System.Web.UI.Page.ProcessRequest()
   en System.Web.UI.Page.ProcessRequest(HttpContext context)
   en ASP.vtimenet_coreinsuran_coreinsuranrep_crl001_k_aspx.ProcessRequest(HttpContext context)
   en System.Web.HttpApplication.CallHandlerExecutionStep.System.Web.HttpApplication.IExecutionStep.Execute()
   en System.Web.HttpApplication.ExecuteStepImpl(IExecutionStep step)
   en System.Web.HttpApplication.ExecuteStep(IExecutionStep step, Boolean& completedSynchronously)

127.0.0.1 ACTIVATION.CLOUD.TECHSMITH.COM Sessionid is empty
 Code:2021.06.03.05.21.16.024
 Entry: 4mwmhlby0fwn3mn1nj0tbgoz
 Session Id:without session id
Method: Void ErrorLog(System.String, System.String) at 671,13
 Class: InMotionGIT.Common.Helpers.LogHandler
  File: C:\DLI\04-Programación\FASI Shared Components\InMotionGIT.Common\Helpers\LogHandler.vb
 Stack:
   en InMotionGIT.Common.Helpers.LogHandler.ErrorLog(String source, String entry, Exception currentException, String prefix, Boolean Async, String Code) en C:\DLI\04-Programación\FASI Shared Components\InMotionGIT.Common\Helpers\LogHandler.vb:línea 770
   en InMotionGIT.Common.Helpers.LogHandler.ErrorLog(String source, String entry, Exception currentException, String prefix) en C:\DLI\04-Programación\FASI Shared Components\InMotionGIT.Common\Helpers\LogHandler.vb:línea 679
   en InMotionGIT.Common.Helpers.LogHandler.ErrorLog(String source, String entry) en C:\DLI\04-Programación\FASI Shared Components\InMotionGIT.Common\Helpers\LogHandler.vb:línea 671
   en InMotionGIT.FASI.Utils.Track.UserActivity.Tracking(HttpContext context, String sessionId, String ip, String username, String email) en C:\VisualTimeNet\Components\Frontoffice\InMotionGIT.FASI.Utils\Track\UserActivity.cs:línea 72
   en InMotionGIT.FASI.Utils.Track.UserActivity.Tracking(HttpContext context, String sessionId) en C:\VisualTimeNet\Components\Frontoffice\InMotionGIT.FASI.Utils\Track\UserActivity.cs:línea 24
   en ASP.global_asax.Application_AuthenticateRequest(Object sender, EventArgs e) en e:\Sources\visualtime7\WebApplication\Global.asax:línea 89
   en System.Web.HttpApplication.SyncEventExecutionStep.System.Web.HttpApplication.IExecutionStep.Execute()
   en System.Web.HttpApplication.ExecuteStepImpl(IExecutionStep step)
   en System.Web.HttpApplication.ExecuteStep(IExecutionStep step, Boolean& completedSynchronously)
   en System.Web.HttpApplication.PipelineStepManager.ResumeSteps(Exception error)
   en System.Web.HttpApplication.BeginProcessRequestNotification(HttpContext context, AsyncCallback cb)
   en System.Web.HttpRuntime.ProcessRequestNotificationPrivate(IIS7WorkerRequest wr, HttpContext context)
   en System.Web.Hosting.PipelineRuntime.ProcessRequestNotificationHelper(IntPtr rootedObjectsPointer, IntPtr nativeRequestContext, IntPtr moduleData, Int32 flags)
   en System.Web.Hosting.PipelineRuntime.ProcessRequestNotification(IntPtr rootedObjectsPointer, IntPtr nativeRequestContext, IntPtr moduleData, Int32 flags)
   en System.Web.Hosting.UnsafeIISMethods.MgdIndicateCompletion(IntPtr pHandler, RequestNotificationStatus& notificationStatus)
   en System.Web.Hosting.UnsafeIISMethods.MgdIndicateCompletion(IntPtr pHandler, RequestNotificationStatus& notificationStatus)
   en System.Web.Hosting.PipelineRuntime.ProcessRequestNotificationHelper(IntPtr rootedObjectsPointer, IntPtr nativeRequestContext, IntPtr moduleData, Int32 flags)
   en System.Web.Hosting.PipelineRuntime.ProcessRequestNotification(IntPtr rootedObjectsPointer, IntPtr nativeRequestContext, IntPtr moduleData, Int32 flags)

127.0.0.1 ACTIVATION.CLOUD.TECHSMITH.COM Sessionid is empty
 Code:2021.06.03.05.21.16.467
 Entry: 4mwmhlby0fwn3mn1nj0tbgoz
 Session Id:without session id
Method: Void ErrorLog(System.String, System.String) at 671,13
 Class: InMotionGIT.Common.Helpers.LogHandler
  File: C:\DLI\04-Programación\FASI Shared Components\InMotionGIT.Common\Helpers\LogHandler.vb
 Stack:
   en InMotionGIT.Common.Helpers.LogHandler.ErrorLog(String source, String entry, Exception currentException, String prefix, Boolean Async, String Code) en C:\DLI\04-Programación\FASI Shared Components\InMotionGIT.Common\Helpers\LogHandler.vb:línea 770
   en InMotionGIT.Common.Helpers.LogHandler.ErrorLog(String source, String entry, Exception currentException, String prefix) en C:\DLI\04-Programación\FASI Shared Components\InMotionGIT.Common\Helpers\LogHandler.vb:línea 679
   en InMotionGIT.Common.Helpers.LogHandler.ErrorLog(String source, String entry) en C:\DLI\04-Programación\FASI Shared Components\InMotionGIT.Common\Helpers\LogHandler.vb:línea 671
   en InMotionGIT.FASI.Utils.Track.UserActivity.Tracking(HttpContext context, String sessionId, String ip, String username, String email) en C:\VisualTimeNet\Components\Frontoffice\InMotionGIT.FASI.Utils\Track\UserActivity.cs:línea 72
   en InMotionGIT.FASI.Utils.Track.UserActivity.Tracking(HttpContext context, String sessionId) en C:\VisualTimeNet\Components\Frontoffice\InMotionGIT.FASI.Utils\Track\UserActivity.cs:línea 24
   en ASP.global_asax.Application_AuthenticateRequest(Object sender, EventArgs e) en e:\Sources\visualtime7\WebApplication\Global.asax:línea 89
   en System.Web.HttpApplication.SyncEventExecutionStep.System.Web.HttpApplication.IExecutionStep.Execute()
   en System.Web.HttpApplication.ExecuteStepImpl(IExecutionStep step)
   en System.Web.HttpApplication.ExecuteStep(IExecutionStep step, Boolean& completedSynchronously)
   en System.Web.HttpApplication.PipelineStepManager.ResumeSteps(Exception error)
   en System.Web.HttpApplication.BeginProcessRequestNotification(HttpContext context, AsyncCallback cb)
   en System.Web.HttpRuntime.ProcessRequestNotificationPrivate(IIS7WorkerRequest wr, HttpContext context)
   en System.Web.Hosting.PipelineRuntime.ProcessRequestNotificationHelper(IntPtr rootedObjectsPointer, IntPtr nativeRequestContext, IntPtr moduleData, Int32 flags)
   en System.Web.Hosting.PipelineRuntime.ProcessRequestNotification(IntPtr rootedObjectsPointer, IntPtr nativeRequestContext, IntPtr moduleData, Int32 flags)
   en System.Web.Hosting.UnsafeIISMethods.MgdIndicateCompletion(IntPtr pHandler, RequestNotificationStatus& notificationStatus)
   en System.Web.Hosting.UnsafeIISMethods.MgdIndicateCompletion(IntPtr pHandler, RequestNotificationStatus& notificationStatus)
   en System.Web.Hosting.PipelineRuntime.ProcessRequestNotificationHelper(IntPtr rootedObjectsPointer, IntPtr nativeRequestContext, IntPtr moduleData, Int32 flags)
   en System.Web.Hosting.PipelineRuntime.ProcessRequestNotification(IntPtr rootedObjectsPointer, IntPtr nativeRequestContext, IntPtr moduleData, Int32 flags)

127.0.0.1 ACTIVATION.CLOUD.TECHSMITH.COM Sessionid is empty
 Code:2021.06.03.05.21.16.060
 Entry: 4mwmhlby0fwn3mn1nj0tbgoz
 Session Id:without session id
Method: Void ErrorLog(System.String, System.String) at 671,13
 Class: InMotionGIT.Common.Helpers.LogHandler
  File: C:\DLI\04-Programación\FASI Shared Components\InMotionGIT.Common\Helpers\LogHandler.vb
 Stack:
   en InMotionGIT.Common.Helpers.LogHandler.ErrorLog(String source, String entry, Exception currentException, String prefix, Boolean Async, String Code) en C:\DLI\04-Programación\FASI Shared Components\InMotionGIT.Common\Helpers\LogHandler.vb:línea 770
   en InMotionGIT.Common.Helpers.LogHandler.ErrorLog(String source, String entry, Exception currentException, String prefix) en C:\DLI\04-Programación\FASI Shared Components\InMotionGIT.Common\Helpers\LogHandler.vb:línea 679
   en InMotionGIT.Common.Helpers.LogHandler.ErrorLog(String source, String entry) en C:\DLI\04-Programación\FASI Shared Components\InMotionGIT.Common\Helpers\LogHandler.vb:línea 671
   en InMotionGIT.FASI.Utils.Track.UserActivity.Tracking(HttpContext context, String sessionId, String ip, String username, String email) en C:\VisualTimeNet\Components\Frontoffice\InMotionGIT.FASI.Utils\Track\UserActivity.cs:línea 72
   en InMotionGIT.FASI.Utils.Track.UserActivity.Tracking(HttpContext context, String sessionId) en C:\VisualTimeNet\Components\Frontoffice\InMotionGIT.FASI.Utils\Track\UserActivity.cs:línea 24
   en ASP.global_asax.Application_AuthenticateRequest(Object sender, EventArgs e) en e:\Sources\visualtime7\WebApplication\Global.asax:línea 89
   en System.Web.HttpApplication.SyncEventExecutionStep.System.Web.HttpApplication.IExecutionStep.Execute()
   en System.Web.HttpApplication.ExecuteStepImpl(IExecutionStep step)
   en System.Web.HttpApplication.ExecuteStep(IExecutionStep step, Boolean& completedSynchronously)
   en System.Web.HttpApplication.PipelineStepManager.ResumeSteps(Exception error)
   en System.Web.HttpApplication.BeginProcessRequestNotification(HttpContext context, AsyncCallback cb)
   en System.Web.HttpRuntime.ProcessRequestNotificationPrivate(IIS7WorkerRequest wr, HttpContext context)
   en System.Web.Hosting.PipelineRuntime.ProcessRequestNotificationHelper(IntPtr rootedObjectsPointer, IntPtr nativeRequestContext, IntPtr moduleData, Int32 flags)
   en System.Web.Hosting.PipelineRuntime.ProcessRequestNotification(IntPtr rootedObjectsPointer, IntPtr nativeRequestContext, IntPtr moduleData, Int32 flags)
   en System.Web.Hosting.UnsafeIISMethods.MgdIndicateCompletion(IntPtr pHandler, RequestNotificationStatus& notificationStatus)
   en System.Web.Hosting.UnsafeIISMethods.MgdIndicateCompletion(IntPtr pHandler, RequestNotificationStatus& notificationStatus)
   en System.Web.Hosting.PipelineRuntime.ProcessRequestNotificationHelper(IntPtr rootedObjectsPointer, IntPtr nativeRequestContext, IntPtr moduleData, Int32 flags)
   en System.Web.Hosting.PipelineRuntime.ProcessRequestNotification(IntPtr rootedObjectsPointer, IntPtr nativeRequestContext, IntPtr moduleData, Int32 flags)

127.0.0.1 ACTIVATION.CLOUD.TECHSMITH.COM Global.asax
    (Exception) No se encuentra el proveedor de datos .NET Framework solicitado. Puede que no esté instalado. 
  Date='03/06/2021' Time='17:21:17' Application='eRemoteDB' Version='7.0.0' Computer='MG-MVPRT11' 
  Method: Execute.Run 
  Number: 5 
  Source: System.Data 
  Description: No se encuentra el proveedor de datos .NET Framework solicitado. Puede que no esté instalado.
    StoredProcedure: SELECT sDescript,nWindowty,sCodisp,nInqLevel,nAmelevel,nModules FROM Windows WHERE sCodispl='CRL001'
  Call Stack:
    eRemoteDB.Execute.Run(IsReturnRecordSet:=True)
    eFunctions.()

   (HttpUnhandledException) Se produjo una excepción de tipo 'System.Web.HttpUnhandledException'.
   (HttpUnhandledException) Details:
   Key: ASPIMPERSONATING      Value: 
 Code:2021.06.03.05.21.29.194
 Entry: Application Error
 Session Id:4mwmhlby0fwn3mn1nj0tbgoz
Method: System.Exception ExecuteStep(IExecutionStep, Boolean ByRef) at 0,0
 Class: System.Web.HttpApplication
  File: 
 Stack:
   en System.Web.UI.Page.HandleError(Exception e)
   en System.Web.UI.Page.ProcessRequestMain(Boolean includeStagesBeforeAsyncPoint, Boolean includeStagesAfterAsyncPoint)
   en System.Web.UI.Page.ProcessRequest(Boolean includeStagesBeforeAsyncPoint, Boolean includeStagesAfterAsyncPoint)
   en System.Web.UI.Page.ProcessRequest()
   en System.Web.UI.Page.ProcessRequest(HttpContext context)
   en ASP.vtimenet_coreinsuran_coreinsuranrep_crl001_k_aspx.ProcessRequest(HttpContext context)
   en System.Web.HttpApplication.CallHandlerExecutionStep.System.Web.HttpApplication.IExecutionStep.Execute()
   en System.Web.HttpApplication.ExecuteStepImpl(IExecutionStep step)
   en System.Web.HttpApplication.ExecuteStep(IExecutionStep step, Boolean& completedSynchronously)

127.0.0.1 ACTIVATION.CLOUD.TECHSMITH.COM Sessionid is empty
 Code:2021.06.03.05.37.35.840
 Entry: 4mwmhlby0fwn3mn1nj0tbgoz
 Session Id:without session id
Method: Void ErrorLog(System.String, System.String) at 671,13
 Class: InMotionGIT.Common.Helpers.LogHandler
  File: C:\DLI\04-Programación\FASI Shared Components\InMotionGIT.Common\Helpers\LogHandler.vb
 Stack:
   en InMotionGIT.Common.Helpers.LogHandler.ErrorLog(String source, String entry, Exception currentException, String prefix, Boolean Async, String Code) en C:\DLI\04-Programación\FASI Shared Components\InMotionGIT.Common\Helpers\LogHandler.vb:línea 770
   en InMotionGIT.Common.Helpers.LogHandler.ErrorLog(String source, String entry, Exception currentException, String prefix) en C:\DLI\04-Programación\FASI Shared Components\InMotionGIT.Common\Helpers\LogHandler.vb:línea 679
   en InMotionGIT.Common.Helpers.LogHandler.ErrorLog(String source, String entry) en C:\DLI\04-Programación\FASI Shared Components\InMotionGIT.Common\Helpers\LogHandler.vb:línea 671
   en InMotionGIT.FASI.Utils.Track.UserActivity.Tracking(HttpContext context, String sessionId, String ip, String username, String email) en C:\VisualTimeNet\Components\Frontoffice\InMotionGIT.FASI.Utils\Track\UserActivity.cs:línea 72
   en InMotionGIT.FASI.Utils.Track.UserActivity.Tracking(HttpContext context, String sessionId) en C:\VisualTimeNet\Components\Frontoffice\InMotionGIT.FASI.Utils\Track\UserActivity.cs:línea 24
   en ASP.global_asax.Application_AuthenticateRequest(Object sender, EventArgs e) en e:\Sources\visualtime7\WebApplication\Global.asax:línea 89
   en System.Web.HttpApplication.SyncEventExecutionStep.System.Web.HttpApplication.IExecutionStep.Execute()
   en System.Web.HttpApplication.ExecuteStepImpl(IExecutionStep step)
   en System.Web.HttpApplication.ExecuteStep(IExecutionStep step, Boolean& completedSynchronously)
   en System.Web.HttpApplication.PipelineStepManager.ResumeSteps(Exception error)
   en System.Web.HttpApplication.BeginProcessRequestNotification(HttpContext context, AsyncCallback cb)
   en System.Web.HttpRuntime.ProcessRequestNotificationPrivate(IIS7WorkerRequest wr, HttpContext context)
   en System.Web.Hosting.PipelineRuntime.ProcessRequestNotificationHelper(IntPtr rootedObjectsPointer, IntPtr nativeRequestContext, IntPtr moduleData, Int32 flags)
   en System.Web.Hosting.PipelineRuntime.ProcessRequestNotification(IntPtr rootedObjectsPointer, IntPtr nativeRequestContext, IntPtr moduleData, Int32 flags)
   en System.Web.Hosting.UnsafeIISMethods.MgdIndicateCompletion(IntPtr pHandler, RequestNotificationStatus& notificationStatus)
   en System.Web.Hosting.UnsafeIISMethods.MgdIndicateCompletion(IntPtr pHandler, RequestNotificationStatus& notificationStatus)
   en System.Web.Hosting.PipelineRuntime.ProcessRequestNotificationHelper(IntPtr rootedObjectsPointer, IntPtr nativeRequestContext, IntPtr moduleData, Int32 flags)
   en System.Web.Hosting.PipelineRuntime.ProcessRequestNotification(IntPtr rootedObjectsPointer, IntPtr nativeRequestContext, IntPtr moduleData, Int32 flags)

